Init_System()
Initializing the CPU: 
CPU::init()
MMU::init()
MMU::init::dat.b=0x0003121c,dat.e=0x0003121c,bss.b=0x0003121c,bss.e=0x0003146c
MMU::free(addr=0x0003146c,n=4294764948)
Grouping_List::insert_merging(e=0x0003146c)
List::insert_tail(e=0x0003146c) => {p=0x00000000,o=0x0003146c,n=0x00000000}
List[0x00031420]::head=0x00000000 => {p=0xffffffff,o=0xffffffff,n=0xffffffff}
List[0x00031420]::tail=0x00000000 => {p=0xffffffff,o=0xffffffff,n=0xffffffff}
List::insert_first(e=0x0003146c) => {p=0x00000000,o=0x0003146c,n=0x00000000}
List[0x00031420]::head=0x00000000 => {p=0xffffffff,o=0xffffffff,n=0xffffffff}
List[0x00031420]::tail=0x00000000 => {p=0xffffffff,o=0xffffffff,n=0xffffffff}
List[0x00031420]::head=0x0003146c => {p=0x00000000,o=0x0003146c,n=0x00000000}
List[0x00031420]::tail=0x0003146c => {p=0x00000000,o=0x0003146c,n=0x00000000}
List[0x00031420]::head=0x0003146c => {p=0x00000000,o=0x0003146c,n=0x00000000}
List[0x00031420]::tail=0x0003146c => {p=0x00000000,o=0x0003146c,n=0x00000000}
TSC::init()
done!
Initializing system's heap: 
Segment(bytes=3072,color=0,flags=0x00000003) [Chunk::_pt=0x00000000] => 0x000314
48
Address_Space(pd=0x00000000) [Directory::pd=0x00000000] => 0xffffffbc
Address_Space::attach(this=0xffffffbc,seg=0x00031448,addr=0x00010000) => 0x00000
000
Heap(addr=0x00000000,bytes=3) => 0x00031454
Heap::free(this=0x00031454,ptr=0x00000000,bytes=3)
~Address_Space(this=0xffffffbc) [Directory::pd=0x00000000]
done!
Initializing the machine: 
Machine::init()
IC::init()
IC::disable()
Timer::init()
IC::int_vector(int=27,h=0x0002d3d0)
IC::enable(int=27)
done!
Initializing system abstractions: 
Alarm::init()
Heap::alloc(this=0x00031454,bytes=20Grouping_List::search_decrementing(s=28)
List[0x00031454]::head=0x00000000 => {p=0xffffffff,o=0xffffffff,n=0xffffffff}
List[0x00031454]::tail=0x00000000 => {p=0xffffffff,o=0xffffffff,n=0xffffffff}
Heap::alloc(this=0x00031454): out of memory!
PANIC!
Machine::reboot()
Timer(f=1000,h=0x00023d7c,ch=1) => {count=1}
Thread::init()
Heap::alloc(this=0x00031454,bytes=36Grouping_List::search_decrementing(s=44)
List[0x00031454]::head=0x00000000 => {p=0xffffffff,o=0xffffffff,n=0xffffffff}
List[0x00031454]::tail=0x00000000 => {p=0xffffffff,o=0xffffffff,n=0xffffffff}
Heap::alloc(this=0x00031454): out of memory!
PANIC!
Machine::reboot()
Scheduler[chosen=0x00000001]::insert(0x00000000)
Scheduling_List::insert(e=0x00000014) => {p=0x00000000,o=0x00000000,n=0x00000000
}
Heap::alloc(this=0x00031454,bytes=512Grouping_List::search_decrementing(s=520)
List[0x00031454]::head=0x00000000 => {p=0xffffffff,o=0xffffffff,n=0xffffffff}
List[0x00031454]::tail=0x00000000 => {p=0xffffffff,o=0xffffffff,n=0xffffffff}
Heap::alloc(this=0x00031454): out of memory!
PANIC!
Machine::reboot()
Thread(entry=0x00010214,state=0,priority=0,stack={b=0x00000000,s=512},context={b
=0x000001c0,{r0=0,r1=0,r2=0,r3=0,r4=0,r5=0,r6=0,r7=0,r8=0,r9=0,r10=0,r11=0,r12=0
,sp=0x000001c0,lr=0x307fc,pc=0x10214,psr=13}}) => 0x00000000
Heap::alloc(this=0x00031454,bytes=36Grouping_List::search_decrementing(s=44)
List[0x00031454]::head=0x00000000 => {p=0xffffffff,o=0xffffffff,n=0xffffffff}
List[0x00031454]::tail=0x00000000 => {p=0xffffffff,o=0xffffffff,n=0xffffffff}
Heap::alloc(this=0x00031454): out of memory!
PANIC!
Machine::reboot()
Scheduler[chosen=0x00000000]::insert(0x00000000)
Scheduling_List::insert(e=0x00000014) => {p=0x00000000,o=0x00000000,n=0x00000000
}
Ordered_List::insert(e=0x00000014) => {p=0x00000000,o=0x00000000,n=0x00000000}
List::insert_first(e=0x00000014) => {p=0x00000000,o=0x00000000,n=0x00000000}
List[0x00031274]::head=0x00000000 => {p=0xffffffff,o=0xffffffff,n=0xffffffff}
List[0x00031274]::tail=0x00000000 => {p=0xffffffff,o=0xffffffff,n=0xffffffff}
List[0x00031274]::head=0x00000014 => {p=0x00000000,o=0x00000000,n=0x00000000}
List[0x00031274]::tail=0x00000014 => {p=0x00000000,o=0x00000000,n=0x00000000}
Heap::alloc(this=0x00031454,bytes=512Grouping_List::search_decrementing(s=520)
List[0x00031454]::head=0x00000000 => {p=0xffffffff,o=0xffffffff,n=0xffffffff}
List[0x00031454]::tail=0x00000000 => {p=0xffffffff,o=0xffffffff,n=0xffffffff}
Heap::alloc(this=0x00031454): out of memory!
PANIC!
Machine::reboot()
Thread(entry=0x00025b74,state=1,priority=2147483647,stack={b=0x00000000,s=512},c
ontext={b=0x000001c0,{r0=0,r1=0,r2=0,r3=0,r4=0,r5=0,r6=0,r7=0,r8=0,r9=0,r10=0,r1
1=0,r12=0,sp=0x000001c0,lr=0x307fc,pc=0x25b74,psr=13}}) => 0x00000000
done!
Randomizing the Random Numbers Generator's seed: 
done!
Init_Application()
Initializing application's heap: 
Heap(addr=0x00031451,bytes=2048) => 0x00031230
Heap::free(this=0x00031230,ptr=0x00031451,bytes=2048)
Grouping_List::insert_merging(e=0x00031451)
List::insert_tail(e=0x00031451) => {p=0x00000000,o=0x00031451,n=0x00000000}
List[0x00031230]::head=0x00000000 => {p=0xffffffff,o=0xffffffff,n=0xffffffff}
List[0x00031230]::tail=0x00000000 => {p=0xffffffff,o=0xffffffff,n=0xffffffff}
List::insert_first(e=0x00031451) => {p=0x00000000,o=0x00031451,n=0x00000000}
List[0x00031230]::head=0x00000000 => {p=0xffffffff,o=0xffffffff,n=0xffffffff}
List[0x00031230]::tail=0x00000000 => {p=0xffffffff,o=0xffffffff,n=0xffffffff}
List[0x00031230]::head=0x00031451 => {p=0x00000000,o=0x00031451,n=0x00000000}
List[0x00031230]::tail=0x00031451 => {p=0x00000000,o=0x00031451,n=0x00000000}
List[0x00031230]::head=0x00031451 => {p=0x00000000,o=0x00031451,n=0x00000000}
List[0x00031230]::tail=0x00031451 => {p=0x00000000,o=0x00031451,n=0x00000000}
done!
Init_First()
INIT ends here!
Dispatching the first thread: 0x00000000
Heap::free(this=0x00031454,ptr=0xfffffe00,bytes=512)
Grouping_List::insert_merging(e=0xfffffe00)
List::insert_tail(e=0xfffffe00) => {p=0x00000000,o=0xfffffe00,n=0x00000000}
List[0x00031454]::head=0x00000000 => {p=0xffffffff,o=0xffffffff,n=0xffffffff}
List[0x00031454]::tail=0x00000000 => {p=0xffffffff,o=0xffffffff,n=0xffffffff}
List[0x00031454]::head=0x00000000 => {p=0xffffffff,o=0xffffffff,n=0xffffffff}
List[0x00031454]::tail=0xfffffe00 => {p=0x00000000,o=0xfffffe00,n=0x00000000}
Thread::idle(this=0x00000000)
QEMU 4.0.0 monitor - type 'help' for more information
(qemu) QEMU: Terminated
